C51 COMPILER V9.54   KEY                                                                   04/04/2023 12:42:50 PAGE 1   


C51 COMPILER V9.54, COMPILATION OF MODULE KEY
OBJECT MODULE PLACED IN .\Objects\key.obj
COMPILER INVOKED BY: D:\GongZuo rj\keil5\C51\BIN\C51.EXE key.c OPTIMIZE(8,SPEED) BROWSE DEBUG OBJECTEXTEND PRINT(.\Listi
                    -ngs\key.lst) OBJECT(.\Objects\key.obj)

line level    source

*** WARNING C500 IN LINE 1 OF key.c: MISSING DEVICE (R003(0): SECURITY KEY NOT FOUND)

   1          #include <STC89C5xRC.H>
   2          
   3          #include "Delay.h"
*** WARNING C315 IN LINE 1 OF Delay.h: unknown #directive 'ifndef__DELAY_H__'
*** WARNING C315 IN LINE 2 OF Delay.h: unknown #directive 'define__DELAY_H__'
*** WARNING C312 IN LINE 6 OF Delay.h: misplaced endif control
   4          #define  AN1 P30
   5          #define  AN2 P31
   6          #define  AN3 P32
   7          #define  AN4 P33
   8          /**
   9            * @brief  获取独立按键键码
  10            * @param  无
  11            * @retval 按下按键的键码,范围:0~4,无按键按下时返回值为0
  12            */
  13          unsigned char Key()
  14          {
  15   1              unsigned char KeyNumber=0;
  16   1              
  17   1              if(AN1==0){Delay(20);while(AN1==0);Delay(20);KeyNumber=1;}
  18   1              if(AN2==0){Delay(20);while(AN2==0);Delay(20);KeyNumber=2;}
  19   1              if(AN3==0){Delay(20);while(AN3==0);Delay(20);KeyNumber=3;}
  20   1              if(AN4==0){Delay(20);while(AN4==0);Delay(20);KeyNumber=4;}
  21   1              
  22   1              return KeyNumber;
  23   1      }


MODULE INFORMATION:   STATIC OVERLAYABLE
   CODE SIZE        =     97    ----
   CONSTANT SIZE    =   ----    ----
   XDATA SIZE       =   ----    ----
   PDATA SIZE       =   ----    ----
   DATA SIZE        =   ----       1
   IDATA SIZE       =   ----    ----
   BIT SIZE         =   ----    ----
END OF MODULE INFORMATION.


C51 COMPILATION COMPLETE.  4 WARNING(S),  0 ERROR(S)
