C51 COMPILER V9.54   MAIN                                                                  04/04/2023 12:54:12 PAGE 1   


C51 COMPILER V9.54, COMPILATION OF MODULE MAIN
OBJECT MODULE PLACED IN .\Objects\main.obj
COMPILER INVOKED BY: D:\GongZuo rj\keil5\C51\BIN\C51.EXE main.c OPTIMIZE(8,SPEED) BROWSE DEBUG OBJECTEXTEND PRINT(.\List
                    -ings\main.lst) OBJECT(.\Objects\main.obj)

line level    source

*** WARNING C500 IN LINE 1 OF main.c: MISSING DEVICE (R003(0): SECURITY KEY NOT FOUND)

   1          #include <STC89C5xRC.H>
   2          #include "key.h"
   3          #include "Delay.h"
*** WARNING C315 IN LINE 1 OF Delay.h: unknown #directive 'ifndef__DELAY_H__'
*** WARNING C315 IN LINE 2 OF Delay.h: unknown #directive 'define__DELAY_H__'
*** WARNING C312 IN LINE 6 OF Delay.h: misplaced endif control
   4          #include <stdio.h>
   5          int main()
   6          {
   7   1              unsigned char KeyNum=0;
   8   1              KeyNum = key();
*** WARNING C206 IN LINE 8 OF main.c: 'key': missing function-prototype
   9   1              printf("%d",KeyNum);
  10   1              
  11   1      }
*** WARNING C290 IN LINE 11 OF main.c: missing return value


MODULE INFORMATION:   STATIC OVERLAYABLE
   CODE SIZE        =     16    ----
   CONSTANT SIZE    =      3    ----
   XDATA SIZE       =   ----    ----
   PDATA SIZE       =   ----    ----
   DATA SIZE        =   ----    ----
   IDATA SIZE       =   ----    ----
   BIT SIZE         =   ----    ----
END OF MODULE INFORMATION.


C51 COMPILATION COMPLETE.  6 WARNING(S),  0 ERROR(S)
