C51 COMPILER V9.54   MAIN                                                                  04/20/2023 22:29:39 PAGE 1   


C51 COMPILER V9.54, COMPILATION OF MODULE MAIN
OBJECT MODULE PLACED IN .\Objects\main.obj
COMPILER INVOKED BY: D:\GongZuo rj\keil5\C51\BIN\C51.EXE main.c OPTIMIZE(8,SPEED) BROWSE DEBUG OBJECTEXTEND PRINT(.\List
                    -ings\main.lst) OBJECT(.\Objects\main.obj)

line level    source

   1          #include <REGX52.H>
   2          #define ws P1 
   3          #define ds P3 
   4          
   5          //数码管段码表
   6          unsigned char NixieTable[]={0x3F,0x06,0x5B,0x4F,0x66,0x6D,0x7D,0x07,0x7F,0x6F};
   7          
   8          //延时子函数
   9          void Delay(unsigned int xms)
  10          {
  11   1              unsigned char i, j;
  12   1              while(xms--)
  13   1              {
  14   2                      i = 2;
  15   2                      j = 239;
  16   2                      do
  17   2                      {
  18   3                              while (--j);
  19   3                      } while (--i);
  20   2              }
  21   1      }
  22          
  23          //数码管显示子函数
  24          void Nixie(unsigned char Location,Number)
  25          {
  26   1              switch(Location)                //位码输出
  27   1              {
  28   2                      case 0:ws=NixieTable[0];break;
  29   2                      case 1:ws=NixieTable[1];break;
  30   2                      case 2:ws=NixieTable[2];break;
  31   2                      case 3:ws=NixieTable[3];break;
  32   2                      case 4:ws=NixieTable[4];break;
  33   2                      case 5:ws=NixieTable[5];break;
  34   2                      case 6:ws=NixieTable[6];break;
  35   2                      case 7:ws=NixieTable[7];break;
  36   2                      case 8:ws=NixieTable[8];break;
  37   2                      case 9:ws=NixieTable[9];break;
  38   2              }
  39   1              ds=NixieTable[Number];  //段码输出
  40   1              Delay(1);                               //显示一段时间
  41   1              ds=0x00;                                //段码清0，消影
  42   1      }
  43          
  44          void main()
  45          {
  46   1              while(1)
  47   1              {
  48   2                      Nixie(1,1);             //在数码管的第1位置显示1
  49   2      //              Delay(20);
  50   2                      Nixie(2,2);             //在数码管的第2位置显示2
  51   2      //              Delay(20);
  52   2                      Nixie(3,3);             //在数码管的第3位置显示3
  53   2      //              Delay(20);
  54   2              }
C51 COMPILER V9.54   MAIN                                                                  04/20/2023 22:29:39 PAGE 2   

  55   1      }


MODULE INFORMATION:   STATIC OVERLAYABLE
   CODE SIZE        =    159    ----
   CONSTANT SIZE    =   ----    ----
   XDATA SIZE       =   ----    ----
   PDATA SIZE       =   ----    ----
   DATA SIZE        =     10    ----
   IDATA SIZE       =   ----    ----
   BIT SIZE         =   ----    ----
END OF MODULE INFORMATION.


C51 COMPILATION COMPLETE.  0 WARNING(S),  0 ERROR(S)
