C51 COMPILER V9.54   MAIN                                                                  04/04/2023 13:13:14 PAGE 1   


C51 COMPILER V9.54, COMPILATION OF MODULE MAIN
OBJECT MODULE PLACED IN .\Objects\main.obj
COMPILER INVOKED BY: D:\GongZuo rj\keil5\C51\BIN\C51.EXE main.c OPTIMIZE(8,SPEED) BROWSE DEBUG OBJECTEXTEND PRINT(.\List
                    -ings\main.lst) OBJECT(.\Objects\main.obj)

line level    source

*** WARNING C500 IN LINE 1 OF main.c: MISSING DEVICE (R003(0): SECURITY KEY NOT FOUND)

   1          #include <STC89C5xRC.H>
   2          #include <REGX52.H>
*** WARNING C318 IN LINE 2 OF main.c: can't open file 'REGX52.H'
   3          #include "Delay.h"
   4          #include "Key.h"
   5          #include "Suma.h"
*** WARNING C315 IN LINE 1 OF Suma.h: unknown #directive 'ifndef__SUMA_H__'
*** WARNING C315 IN LINE 2 OF Suma.h: unknown #directive 'define__SUMA_H__'
*** WARNING C312 IN LINE 6 OF Suma.h: misplaced endif control
   6          #include "Buzzer.h"
   7          
   8          unsigned char KeyNum;
   9          
  10          void main()
  11          {
  12   1              Suma(1,0);
  13   1              while(1)
  14   1              {
  15   2                      KeyNum=Key();
  16   2                      if(KeyNum)
  17   2                      {
  18   3                              Buzzer_Time(100);
  19   3                              Suma(1,KeyNum);
  20   3                      }
  21   2              }
  22   1      }


MODULE INFORMATION:   STATIC OVERLAYABLE
   CODE SIZE        =     36    ----
   CONSTANT SIZE    =   ----    ----
   XDATA SIZE       =   ----    ----
   PDATA SIZE       =   ----    ----
   DATA SIZE        =      1    ----
   IDATA SIZE       =   ----    ----
   BIT SIZE         =   ----    ----
END OF MODULE INFORMATION.


C51 COMPILATION COMPLETE.  5 WARNING(S),  0 ERROR(S)
