C51 COMPILER V9.54   MAIN                                                                  04/13/2023 22:26:31 PAGE 1   


C51 COMPILER V9.54, COMPILATION OF MODULE MAIN
OBJECT MODULE PLACED IN .\Objects\main.obj
COMPILER INVOKED BY: D:\GongZuo rj\keil5\C51\BIN\C51.EXE main.c OPTIMIZE(8,SPEED) BROWSE DEBUG OBJECTEXTEND PRINT(.\List
                    -ings\main.lst) OBJECT(.\Objects\main.obj)

line level    source

   1          #include <STC12C5A60S2.H>
   2          int main()
   3          {
   4   1      //      //P4SW = 0Xff;
   5   1      //      P0M0 = 0xff;
   6   1      //      P0M1 = 0x00;
   7   1      //      P1M0 = 0xff;
   8   1      //      P1M1 = 0x00;
   9   1      ////    P2M0 = 0xff;
  10   1      ////   P2M1 = 0x00;
  11   1      //      P3M0 = 0xff;
  12   1      //      P3M1 = 0x00;
  13   1      //      P1ASF =1;          //ÉèÖÃP1.0ÎªAD¿Ú
  14   1         // AUXR1 =BIN(100);
  15   1              
  16   1              while(1)
  17   1              {
  18   2      //              P0 =0x00;
  19   2      //              P1 =0x00;
  20   2      //              //P2 =0x00;
  21   2      //              P3 =0x00;
  22   2      //              P27 =1;
  23   2                      
  24   2                                      P44=1;
  25   2                      P2=0xff;
  26   2                      P3=0xff;
  27   2                      P0=0x00;
  28   2                      P1=0x00;
  29   2              }
  30   1      }
  31          
  32          /*------------------------------------------------------------------*/
  33          /* --- STC MCU Limited ---------------------------------------------*/
  34          /* --- STC12C5Axx Series MCU IO Demo -------------------------------*/
  35          /* --- Mobile: (86)13922805190 -------------------------------------*/
  36          /* --- Fax: 86-0513-55012956,55012947,55012969 ---------------------*/
  37          /* --- Tel: 86-0513-55012928,55012929,55012966----------------------*/
  38          /* --- Web: www.STCMCU.com -----------------------------------------*/
  39          /* --- Web: www.GXWMCU.com -----------------------------------------*/
  40          /* If you want to use the program or the program referenced in the  */
  41          /* article, please specify in which data and procedures from STC    */
  42          /*------------------------------------------------------------------*/
  43          
  44          //#include "reg51.h"
  45          
  46          //sbit P00 = P0^0;
  47          //sbit P01 = P0^1;
  48          //sbit P02 = P0^2;
  49          //sbit P03 = P0^3;
  50          //sbit P04 = P0^4;
  51          //sbit P05 = P0^5;
  52          //sbit P06 = P0^6;
  53          //sbit P07 = P0^7;
  54          //sbit P10 = P1^0;
C51 COMPILER V9.54   MAIN                                                                  04/13/2023 22:26:31 PAGE 2   

  55          //sbit P11 = P1^1;
  56          //sbit P12 = P1^2;
  57          //sbit P13 = P1^3;
  58          //sbit P14 = P1^4;
  59          //sbit P15 = P1^5;
  60          //sbit P16 = P1^6;
  61          //sbit P17 = P1^7;
  62          //sbit P20 = P2^0;
  63          //sbit P21 = P2^1;
  64          //sbit P22 = P2^2;
  65          //sbit P23 = P2^3;
  66          //sbit P24 = P2^4;
  67          //sbit P25 = P2^5;
  68          //sbit P26 = P2^6;
  69          //sbit P27 = P2^7;
  70          //sbit P30 = P3^0;
  71          //sbit P31 = P3^1;
  72          //sbit P32 = P3^2;
  73          //sbit P33 = P3^3;
  74          //sbit P34 = P3^4;
  75          //sbit P35 = P3^5;
  76          //sbit P36 = P3^6;
  77          //sbit P37 = P3^7;
  78          
  79          //sfr P4   = 0xC0;
  80          //sbit P40 = P4^0;
  81          //sbit P41 = P4^1;
  82          //sbit P42 = P4^2;
  83          //sbit P43 = P4^3;
  84          
  85          //sfr P4SW = 0xBB;                    // - LVD_P4.6 ALE_P4.5 NA_P4.4 - - - -
  86          
  87          //void delay()
  88          //{
  89          //    int i, j;
  90          
  91          //    for (i=0; i<1000; i++)
  92          //    for (j=0; j<500; j++);
  93          //}
  94          
  95          
  96          //void main()
  97          //{
  98          //      
  99          ////    P4SW = 0x70;
 100          
 101          ////    P10 = 0;
 102          ////    delay();
 103          ////    P10 = 1;
 104          ////    P11 = 0;
 105          ////    delay();
 106          ////    P11 = 1;
 107          ////    P12 = 0;
 108          ////    delay();
 109          ////    P12 = 1;
 110          ////    P13 = 0;
 111          ////    delay();
 112          ////    P13 = 1;
 113          ////    P14 = 0;
 114          ////    delay();
 115          ////    P14 = 1;
 116          ////    P15 = 0;
C51 COMPILER V9.54   MAIN                                                                  04/13/2023 22:26:31 PAGE 3   

 117          ////    delay();
 118          ////    P15 = 1;
 119          ////    P16 = 0;
 120          ////    delay();
 121          ////    P16 = 1;
 122          ////    P17 = 0;
 123          ////    delay();
 124          ////    P17 = 1;
 125          
 126          ////    P30 = 0;
 127          ////    delay();
 128          ////    P30 = 1;
 129          ////    P31 = 0;
 130          ////    delay();
 131          ////    P31 = 1;
 132          ////    P32 = 0;
 133          ////    delay();
 134          ////    P32 = 1;
 135          ////    P33 = 0;
 136          ////    delay();
 137          ////    P33 = 1;
 138          ////    P34 = 0;
 139          ////    delay();
 140          ////    P34 = 1;
 141          ////    P35 = 0;
 142          ////    delay();
 143          ////    P35 = 1;
 144          ////    P36 = 0;
 145          ////    delay();
 146          ////    P36 = 1;
 147          ////    P37 = 0;
 148          ////    delay();
 149          ////    P37 = 1;
 150          
 151          ////    P20 = 0;
 152          ////    delay();
 153          ////    P20 = 1;
 154          ////    P21 = 0;
 155          ////    delay();
 156          ////    P21 = 1;
 157          ////    P22 = 0;
 158          ////    delay();
 159          ////    P22 = 1;
 160          ////    P23 = 0;
 161          ////    delay();
 162          ////    P23 = 1;
 163          ////    P24 = 0;
 164          ////    delay();
 165          ////    P24 = 1;
 166          ////    P25 = 0;
 167          ////    delay();
 168          ////    P25 = 1;
 169          ////    P26 = 0;
 170          ////    delay();
 171          ////    P26 = 1;
 172          ////    P27 = 0;
 173          ////    delay();
 174          ////    P27 = 1;
 175          
 176          ////    P00 = 0;
 177          ////    delay();
 178          ////    P00 = 1;
C51 COMPILER V9.54   MAIN                                                                  04/13/2023 22:26:31 PAGE 4   

 179          ////    P01 = 0;
 180          ////    delay();
 181          ////    P01 = 1;
 182          ////    P02 = 0;
 183          ////    delay();
 184          ////    P02 = 1;
 185          ////    P03 = 0;
 186          ////    delay();
 187          ////    P03 = 1;
 188          ////    P04 = 0;
 189          ////    delay();
 190          ////    P04 = 1;
 191          ////    P05 = 0;
 192          ////    delay();
 193          ////    P05 = 1;
 194          ////    P06 = 0;
 195          ////    delay();
 196          ////    P06 = 1;
 197          ////    P07 = 0;
 198          ////    delay();
 199          ////    P07 = 1;
 200          
 201          ////    P40 = 0;
 202          ////    delay();
 203          ////    P40 = 1;
 204          ////    P41 = 0;
 205          ////    delay();
 206          ////    P41 = 1;
 207          ////    P42 = 0;
 208          ////    delay();
 209          ////    P42 = 1;
 210          ////    P43 = 0;
 211          ////    delay();
 212          ////    P43 = 1;
 213          
 214          //    while (1)
 215          //    {
 216          
 217          
 218          //              
 219          //    }
 220          //}
 221          
 222          


MODULE INFORMATION:   STATIC OVERLAYABLE
   CODE SIZE        =     15    ----
   CONSTANT SIZE    =   ----    ----
   XDATA SIZE       =   ----    ----
   PDATA SIZE       =   ----    ----
   DATA SIZE        =   ----    ----
   IDATA SIZE       =   ----    ----
   BIT SIZE         =   ----    ----
END OF MODULE INFORMATION.


C51 COMPILATION COMPLETE.  0 WARNING(S),  0 ERROR(S)
