C51 COMPILER V9.60.7.0   MAIN                                                              08/29/2023 18:14:41 PAGE 1   


C51 COMPILER V9.60.7.0, COMPILATION OF MODULE MAIN
OBJECT MODULE PLACED IN .\Objects\main.obj
COMPILER INVOKED BY: D:\rujian\keil5\C51\BIN\C51.EXE main.c OPTIMIZE(8,SPEED) BROWSE DEBUG OBJECTEXTEND PRINT(.\Listings
                    -\main.lst) TABS(5) OBJECT(.\Objects\main.obj)

line level    source

   1          #include <REGX51.H>
   2          // 定义LED灯的引脚
   3          sbit RedEastWest = P1^0;    // 红灯（东西向）
   4          sbit YellowEastWest = P1^1; // 黄灯（东西向）
   5          sbit GreenEastWest = P1^2;  // 绿灯（东西向）
   6          
   7          sbit RedNorthSouth = P1^3;    // 红灯（南北向）
   8          sbit YellowNorthSouth = P1^4; // 黄灯（南北向）
   9          sbit GreenNorthSouth = P1^5;  // 绿灯（南北向）
  10          
  11          // 定义数码管显示的引脚
  12          sbit SegA = P2^0;
  13          sbit SegB = P2^1;
  14          sbit SegC = P2^2;
  15          sbit SegD = P2^3;
  16          sbit SegE = P2^4;
  17          sbit SegF = P2^5;
  18          sbit SegG = P2^6;
  19          
  20          // 定义按键的引脚
  21          sbit EmergencyButton = P3^2; // 应急通行按键
  22          
  23          int i =0;
  24          int Key_num =0;
  25          
  26          void delay(unsigned int ms) {
  27   1          unsigned int i, j;
  28   1          for (i = 0; i < ms; i++) {
  29   2              for (j = 0; j < 1000; j++);
  30   2          }
  31   1      }
  32          
  33          // 数码管的编码，0~9的共阴数码管编码
  34          unsigned char code SevenSegmentDigits[] = {
  35              0x3F, // 0
  36              0x06, // 1
  37              0x5B, // 2
  38              0x4F, // 3
  39              0x66, // 4
  40              0x6D, // 5
  41              0x7D, // 6
  42              0x07, // 7
  43              0x7F, // 8
  44              0x6F  // 9
  45          };
  46          
  47          // 外部中断0的中断服务程序
  48          void external_interrupt() interrupt 0 {
  49   1           while(1){     
  50   2                GreenEastWest = 0;
  51   2                YellowEastWest = 0;
  52   2                RedEastWest = 1;
  53   2                GreenNorthSouth = 0;
  54   2                YellowNorthSouth = 0;
C51 COMPILER V9.60.7.0   MAIN                                                              08/29/2023 18:14:41 PAGE 2   

  55   2                RedNorthSouth = 1;
  56   2                if (EmergencyButton == 0){
  57   3                     Key_num++;
  58   3                }
  59   2                while(Key_num ==2){break;}
  60   2           }
  61   1          
  62   1      }
  63          
  64          
  65          void main() {
  66   1          EmergencyButton = 1; 
  67   1          EX0 = 1;   // 启用外部中断0允许位
  68   1          IT0 = 1;   // 设置外部中断0为低电平触发
  69   1          EA = 1;    // 启用全局中断允许位
  70   1          while (1) {
  71   2              // 东西亮绿灯，南北亮红灯
  72   2              GreenEastWest = 1;
  73   2              YellowEastWest = 0;
  74   2              RedEastWest = 0;
  75   2              GreenNorthSouth = 0;
  76   2              YellowNorthSouth = 0;
  77   2              RedNorthSouth = 1;
  78   2              // 显示剩余时间
  79   2              for ( i = 5; i >= 0; i--) {
  80   3                  P1 =SevenSegmentDigits[i];
  81   3                  delay(1000);
  82   3              }
  83   2      
  84   2              // 黄灯闪烁5次
  85   2              for ( i = 0; i < 5; i++) {
  86   3                  YellowEastWest = ~YellowEastWest;
  87   3                  P1 =SevenSegmentDigits[8]; // 显示"8"，表示黄灯
  88   3                  delay(500);
  89   3              }
  90   2      
  91   2              // 东西红灯亮，南北亮绿灯
  92   2              GreenEastWest = 0;
  93   2              YellowEastWest = 0;
  94   2              RedEastWest = 1;
  95   2              GreenNorthSouth = 1;
  96   2              YellowNorthSouth = 0;
  97   2              RedNorthSouth = 0;
  98   2              
  99   2              // 显示剩余时间
 100   2              for ( i = 5; i >= 0; i--) {
 101   3                  P1 =SevenSegmentDigits[i];
 102   3                  delay(1000);
 103   3              }
 104   2      
 105   2              // 黄灯闪烁5次
 106   2              for ( i = 0; i < 5; i++) {
 107   3                  YellowEastWest = ~YellowEastWest;
 108   3                  P1 =SevenSegmentDigits[8]; // 显示"8"，表示黄灯
 109   3                  delay(500);
 110   3              }
 111   2          }
 112   1      }   


MODULE INFORMATION:   STATIC OVERLAYABLE
   CODE SIZE        =    256    ----
C51 COMPILER V9.60.7.0   MAIN                                                              08/29/2023 18:14:41 PAGE 3   

   CONSTANT SIZE    =     10    ----
   XDATA SIZE       =   ----    ----
   PDATA SIZE       =   ----    ----
   DATA SIZE        =      4    ----
   IDATA SIZE       =   ----    ----
   BIT SIZE         =   ----    ----
END OF MODULE INFORMATION.


C51 COMPILATION COMPLETE.  0 WARNING(S),  0 ERROR(S)
