C51 COMPILER V9.54   MAIN                                                                  03/27/2023 23:26:41 PAGE 1   


C51 COMPILER V9.54, COMPILATION OF MODULE MAIN
OBJECT MODULE PLACED IN .\Objects\main.obj
COMPILER INVOKED BY: D:\GongZuo rj\keil5\C51\BIN\C51.EXE main.c OPTIMIZE(8,SPEED) BROWSE DEBUG OBJECTEXTEND PRINT(.\List
                    -ings\main.lst) OBJECT(.\Objects\main.obj)

line level    source

*** WARNING C500 IN LINE 1 OF main.c: MISSING DEVICE (R003(0): SECURITY KEY NOT FOUND)

   1          #include <STC89C5xRC.H>
   2          #include "Delay.h"
*** WARNING C315 IN LINE 1 OF Delay.h: unknown #directive 'ifndef__DELAY_H__'
*** WARNING C315 IN LINE 2 OF Delay.h: unknown #directive 'define__DELAY_H__'
*** WARNING C312 IN LINE 6 OF Delay.h: misplaced endif control
   3          #include "Suma.h"
*** WARNING C315 IN LINE 1 OF Suma.h: unknown #directive 'ifndef__SUMA_H__'
*** WARNING C315 IN LINE 2 OF Suma.h: unknown #directive 'define__SUMA_H__'
*** WARNING C312 IN LINE 6 OF Suma.h: misplaced endif control
   4          int main()
   5          {
   6   1          while(1)
   7   1          {
   8   2              Suma(1,6);
   9   2              
  10   2          }
  11   1      }


MODULE INFORMATION:   STATIC OVERLAYABLE
   CODE SIZE        =     11    ----
   CONSTANT SIZE    =   ----    ----
   XDATA SIZE       =   ----    ----
   PDATA SIZE       =   ----    ----
   DATA SIZE        =   ----    ----
   IDATA SIZE       =   ----    ----
   BIT SIZE         =   ----    ----
END OF MODULE INFORMATION.


C51 COMPILATION COMPLETE.  7 WARNING(S),  0 ERROR(S)
