C51 COMPILER V9.54   CQ12                                                                  04/12/2023 23:21:03 PAGE 1   


C51 COMPILER V9.54, COMPILATION OF MODULE CQ12
OBJECT MODULE PLACED IN .\Objects\CQ12.obj
COMPILER INVOKED BY: D:\SoftwareInstall\MDK_51\C51\BIN\C51.EXE CQ12.c OPTIMIZE(8,SPEED) BROWSE DEBUG OBJECTEXTEND PRINT(
                    -.\Listings\CQ12.lst) TABS(2) OBJECT(.\Objects\CQ12.obj)

line level    source

   1          #include <reg51.h>
   2          #define uchar unsigned char
   3          #define TR 0
   4          uchar buf[10]={0x01,0x02,0x03,0x04,0x05,0x06,0x07,0x08,0x09,0x0a};
   5          uchar sum;
   6          void send(void);
   7          void receive(void);
   8          void init(void)
   9          {
  10   1        TMOD=0x20;
  11   1        TH1=0xF4;
  12   1        TL1=0xF4;
  13   1        PCON=0x00;
  14   1        SCON=0x50;
  15   1        TR1=1;
  16   1      }
  17          void main(void)
  18          {
  19   1        init();
  20   1        if(TR==0)
  21   1        {
  22   2          send();
  23   2        }
  24   1        else if(TR==1)
  25   1        {
  26   2          receive();
  27   2        }
  28   1      }
  29          void delay(unsigned int i)
  30          {
  31   1        unsigned char j;
  32   1        for(;i>0;i--)
  33   1        for(j=0;j<125;j++);
  34   1      }
  35          void send(void)
  36          {
  37   1        uchar i;
  38   1        do
  39   1        {
  40   2          delay(1000);
  41   2          SBUF=0xaa;
  42   2          while(TI==0);
  43   2          while(RI==0);
  44   2        }while(SBUF!=0xbb);
  45   1        do
  46   1        {
  47   2          sum=0;
  48   2          for(i=0;i<10;i++)
  49   2          {
  50   3            delay(1000);
  51   3            SBUF=buf[i];
  52   3            sum+=buf[i];
  53   3            while(TI==0);
  54   3            TI=0;
C51 COMPILER V9.54   CQ12                                                                  04/12/2023 23:21:03 PAGE 2   

  55   3          }
  56   2          delay(1000);
  57   2          SBUF=sum;
  58   2          while(TI==0);
  59   2          TI=0;
  60   2          while(RI==0);
  61   2          RI=0;
  62   2        }while(SBUF==0xFF);
  63   1        while(1);
  64   1      }
  65          void receive(void)
  66          {
  67   1        uchar i;
  68   1        RI=0;
  69   1        while(RI==0);
  70   1        RI=0;
  71   1        while(SBUF!=0xaa);
  72   1        SBUF=0xBB;
  73   1        while(TI==0);
  74   1        TI=0;
  75   1        sum=0;
  76   1        for(i=0;i<10;i++)
  77   1        {
  78   2          while(RI==0);
  79   2          RI=0;
  80   2          buf[i]=SBUF;
  81   2          sum+=buf[i];
  82   2        }
  83   1        while(RI==0);
  84   1        RI=0;
  85   1        if(SBUF==sum)
  86   1        {
  87   2          SBUF=0x00;
  88   2          while(TI==0);
  89   2          TI=0;
  90   2        }
  91   1        else
  92   1        {
  93   2          SBUF=0xFF;
  94   2          while(TI==0);
  95   2          TI=0;
  96   2        }
  97   1      }
*** WARNING C294 IN LINE 26 OF CQ12.c: unreachable code


MODULE INFORMATION:   STATIC OVERLAYABLE
   CODE SIZE        =    195    ----
   CONSTANT SIZE    =   ----    ----
   XDATA SIZE       =   ----    ----
   PDATA SIZE       =   ----    ----
   DATA SIZE        =     11    ----
   IDATA SIZE       =   ----    ----
   BIT SIZE         =   ----    ----
END OF MODULE INFORMATION.


C51 COMPILATION COMPLETE.  1 WARNING(S),  0 ERROR(S)
