C51 COMPILER V9.60.7.0   P125EG6__2                                                        05/12/2023 10:28:57 PAGE 1   


C51 COMPILER V9.60.7.0, COMPILATION OF MODULE P125EG6__2
OBJECT MODULE PLACED IN .\Objects\p125eg6--2.obj
COMPILER INVOKED BY: D:\rujian\keil5\C51\BIN\C51.EXE p125eg6--2.c OPTIMIZE(8,SPEED) BROWSE DEBUG OBJECTEXTEND PRINT(.\Li
                    -stings\p125eg6--2.lst) TABS(5) OBJECT(.\Objects\p125eg6--2.obj)

line level    source

   1          #include <reg51.h>
   2          #define uchar unsigned char
   3          #define TR 1
   4          uchar buf[10]={0x01,0x02,0x03,0x04,0x05,0x06,0x07,0x08,0x09,0x0a};
   5          uchar sum;
   6          void send(void);
   7          void receive(void);
   8          void init(void)
   9          {
  10   1           TMOD=0x20;
  11   1           TH1=0xF4;
  12   1           TL1=0xF4;
  13   1           PCON=0x00;
  14   1           SCON=0x50;
  15   1           TR1=1;
  16   1      }
  17          void main(void)
  18          {
  19   1           init();
  20   1           if(TR==0)
  21   1           {
  22   2                send();
  23   2           }
  24   1           else if(TR==1)
  25   1           {
  26   2                receive( );
  27   2           }
  28   1      }
  29          void delay(unsigned int i)
  30          {
  31   1           unsigned char j;
  32   1           for(;i>0;i--)
  33   1           for(j=0;j<125;j++)
  34   1           ;
  35   1      }
  36          void send(void)
  37          {
  38   1           uchar i;
  39   1           do
  40   1           {
  41   2                delay(1000);
  42   2                SBUF=0xaa;
  43   2                while(TI==0);
  44   2                while(RI==0);
  45   2           }while(SBUF!=0xbb);
  46   1           do
  47   1           {
  48   2                sum=0;
  49   2                for(i=0;i<10;i++)
  50   2                {
  51   3                     delay(1000);
  52   3                SBUF=buf[i];
  53   3                sum+=buf[i];
  54   3                while(TI==0);
C51 COMPILER V9.60.7.0   P125EG6__2                                                        05/12/2023 10:28:57 PAGE 2   

  55   3                TI=0;
  56   3           }
  57   2           delay(1000);
  58   2           SBUF=sum;
  59   2           while(TI==0);
  60   2           TI=0;
  61   2           while (RI==0);
  62   2           RI=0;
  63   2      }
  64   1      while(SBUF==0xFF);
  65   1      while(1);
  66   1      }
  67          void receive(void)
  68          {
  69   1           uchar i;
  70   1           RI=0;
  71   1           while(RI==0);
  72   1           RI=0;
  73   1           while(SBUF!=0xaa);
  74   1           SBUF=0xBB;
  75   1           while(TI==0);
  76   1           TI=0;
  77   1           sum=0;
  78   1           for(i=0;i<10;i++)
  79   1           {
  80   2                while(RI==0);
  81   2                RI=0;
  82   2                buf[i]=SBUF;
  83   2                sum+=buf[i];
  84   2           }
  85   1           while(RI==0);
  86   1           RI=0;
  87   1           if(SBUF==sum)
  88   1           {
  89   2                SBUF=0x00;
  90   2                while(TI==0);
  91   2                TI=0;
  92   2           }
  93   1           else
  94   1           {
  95   2                SBUF=0xFF;
  96   2                while(TI==0);
  97   2                TI=0;
  98   2           }
  99   1      }
*** WARNING C294 IN LINE 22 OF p125eg6--2.c: unreachable code


MODULE INFORMATION:   STATIC OVERLAYABLE
   CODE SIZE        =    194    ----
   CONSTANT SIZE    =   ----    ----
   XDATA SIZE       =   ----    ----
   PDATA SIZE       =   ----    ----
   DATA SIZE        =     11    ----
   IDATA SIZE       =   ----    ----
   BIT SIZE         =   ----    ----
END OF MODULE INFORMATION.


C51 COMPILATION COMPLETE.  1 WARNING(S),  0 ERROR(S)
