C51 COMPILER V9.54   MAIN                                                                  04/08/2023 10:14:42 PAGE 1   


C51 COMPILER V9.54, COMPILATION OF MODULE MAIN
OBJECT MODULE PLACED IN .\Objects\main.obj
COMPILER INVOKED BY: D:\GongZuo rj\keil5\C51\BIN\C51.EXE main.c OPTIMIZE(8,SPEED) BROWSE DEBUG OBJECTEXTEND PRINT(.\List
                    -ings\main.lst) OBJECT(.\Objects\main.obj)

line level    source

   1          #include <REGX51.H>
   2          #include "Delay.h"
*** WARNING C315 IN LINE 1 OF Delay.h: unknown #directive 'ifndef__DELAY_H__'
*** WARNING C315 IN LINE 2 OF Delay.h: unknown #directive 'define__DELAY_H__'
*** WARNING C312 IN LINE 6 OF Delay.h: misplaced endif control
   3          #include "Suma.h"
*** WARNING C315 IN LINE 1 OF Suma.h: unknown #directive 'ifndef__SUMA_H__'
*** WARNING C315 IN LINE 2 OF Suma.h: unknown #directive 'define__SUMA_H__'
*** WARNING C312 IN LINE 6 OF Suma.h: misplaced endif control
   4          int main()
   5          {
   6   1          while(1)
   7   1          {
   8   2              int i;
   9   2                      for(i=8;i>=1;i--)
  10   2                      {
  11   3                              Suma(i,0);
  12   3                      }
  13   2                      Suma(1,1);
  14   2                      for(i=1;i<=8;i++)
  15   2                      {
  16   3                              Suma(i,2);
  17   3                      }
  18   2                      Suma(8,3);
  19   2                      for(i=8;i>=1;i--)
  20   2                      {
  21   3                              Suma(i,4);
  22   3                      }
  23   2                      
  24   2          }
  25   1      }


MODULE INFORMATION:   STATIC OVERLAYABLE
   CODE SIZE        =    125    ----
   CONSTANT SIZE    =   ----    ----
   XDATA SIZE       =   ----    ----
   PDATA SIZE       =   ----    ----
   DATA SIZE        =   ----       2
   IDATA SIZE       =   ----    ----
   BIT SIZE         =   ----    ----
END OF MODULE INFORMATION.


C51 COMPILATION COMPLETE.  6 WARNING(S),  0 ERROR(S)
