C51 COMPILER V9.60.7.0   MAIN                                                              08/29/2023 16:51:40 PAGE 1   


C51 COMPILER V9.60.7.0, COMPILATION OF MODULE MAIN
OBJECT MODULE PLACED IN .\Objects\main.obj
COMPILER INVOKED BY: D:\rujian\keil5\C51\BIN\C51.EXE main.c OPTIMIZE(8,SPEED) BROWSE DEBUG OBJECTEXTEND PRINT(.\Listings
                    -\main.lst) TABS(5) OBJECT(.\Objects\main.obj)

line level    source

   1          #include <STC89C5xRC.H>
*** WARNING C318 IN LINE 1 OF main.c: can't open file 'STC89C5xRC.H'
   2          #include "Timer0.h"
   3          #include "Timer_delay.h"
*** WARNING C315 IN LINE 1 OF Timer_delay.h: unknown #directive 'ifndef__TIMER_DELAY_H__'
*** WARNING C315 IN LINE 2 OF Timer_delay.h: unknown #directive 'define__TIMER_DELAY_H__'
*** WARNING C312 IN LINE 6 OF Timer_delay.h: misplaced endif control
   4          
   5          #define uchar unsigned char
   6          #define uint unsigned int
   7           
   8          int main()
   9          {
  10   1           uint i;
  11   1           Timer0Init();
  12   1           while(1){
  13   2                P2=0x24;             //东西绿灯亮，南北红灯亮
*** ERROR C202 IN LINE 13 OF main.c: 'P2': undefined identifier
  14   2                Timer_delay(3000);
  15   2                for(i=0;i<5;i++){
  16   3                     P2=0x14;           //东西黄灯亮，南北红灯亮
*** ERROR C202 IN LINE 16 OF main.c: 'P2': undefined identifier
  17   3                     Timer_delay(500);
  18   3                     P2=0x04;           //东西没有灯亮，南北红灯亮
*** ERROR C202 IN LINE 18 OF main.c: 'P2': undefined identifier
  19   3                     Timer_delay(500);
  20   3                }
  21   2                P2=0x09;             //东西红灯亮，南北绿灯亮
*** ERROR C202 IN LINE 21 OF main.c: 'P2': undefined identifier
  22   2                Timer_delay(3000);
  23   2                for(i=0;i<5;i++){
  24   3                     P2=0x0a;           //东西红灯亮，南北黄灯亮
*** ERROR C202 IN LINE 24 OF main.c: 'P2': undefined identifier
  25   3                     Timer_delay(500);
  26   3                     P2=0x08;           //东西红灯亮，南北没灯亮
*** ERROR C202 IN LINE 26 OF main.c: 'P2': undefined identifier
  27   3                     Timer_delay(500);
  28   3                }
  29   2           }
  30   1      
  31   1      }

C51 COMPILATION COMPLETE.  4 WARNING(S),  6 ERROR(S)
