C51 COMPILER V9.60.7.0   TIMER0                                                            08/29/2023 16:51:40 PAGE 1   


C51 COMPILER V9.60.7.0, COMPILATION OF MODULE TIMER0
OBJECT MODULE PLACED IN .\Objects\Timer0.obj
COMPILER INVOKED BY: D:\rujian\keil5\C51\BIN\C51.EXE Timer0.c OPTIMIZE(8,SPEED) BROWSE DEBUG OBJECTEXTEND PRINT(.\Listin
                    -gs\Timer0.lst) TABS(5) OBJECT(.\Objects\Timer0.obj)

line level    source

   1          #include <STC89C5xRC.H>
*** WARNING C318 IN LINE 1 OF Timer0.c: can't open file 'STC89C5xRC.H'
   2          /**
   3            * @brief  定时器0初始化，1毫秒@12.000MHz
   4            * @param  无
   5            * @retval 无
   6            */
   7          void Timer0Init(void)
   8          {
   9   1           TMOD &= 0xF0;       //设置定时器模式
*** ERROR C202 IN LINE 9 OF Timer0.c: 'TMOD': undefined identifier
  10   1           TMOD |= 0x01;       //设置定时器模式
*** ERROR C202 IN LINE 10 OF Timer0.c: 'TMOD': undefined identifier
  11   1           TL0 = 0x18;         //设置定时初值
*** ERROR C202 IN LINE 11 OF Timer0.c: 'TL0': undefined identifier
  12   1           TH0 = 0xFC;         //设置定时初值
*** ERROR C202 IN LINE 12 OF Timer0.c: 'TH0': undefined identifier
  13   1           TF0 = 0;       //清除TF0标志
*** ERROR C202 IN LINE 13 OF Timer0.c: 'TF0': undefined identifier
  14   1           TR0 = 1;       //定时器0开始计时
*** ERROR C202 IN LINE 14 OF Timer0.c: 'TR0': undefined identifier
  15   1           ET0=1;
*** ERROR C202 IN LINE 15 OF Timer0.c: 'ET0': undefined identifier
  16   1           EA=1;
*** ERROR C202 IN LINE 16 OF Timer0.c: 'EA': undefined identifier
  17   1           PT0=0;
*** ERROR C202 IN LINE 17 OF Timer0.c: 'PT0': undefined identifier
  18   1      }
  19          
  20          /*定时器中断函数模板
  21          void Timer0_Routine() interrupt 1
  22          {
  23               static unsigned int T0Count;
  24               TL0 = 0x18;         //设置定时初值
  25               TH0 = 0xFC;         //设置定时初值
  26               T0Count++;
  27               if(T0Count>=1000)
  28               {
  29                    T0Count=0;
  30                    
  31               }
  32          }
  33          */
  34          
  35          //void Timer0_Routine() interrupt 1
  36          //{
  37          //   unsigned int count;
  38          //   bit flag = 0;
  39          //   //static unsigned int T0Count;
  40          //   TL0 = 0x18;         //设置定时初值  //定时1 ms中断一次
  41          //   TH0 = 0xFC;         //设置定时初值
  42          //   if(flag)
  43          //   {
  44          //        if(--count == 0)//计时器自减1，并判断时间是否截止
C51 COMPILER V9.60.7.0   TIMER0                                                            08/29/2023 16:51:40 PAGE 2   

  45          //             flag = 0;       //标志位置0，延时结束
  46          //   }
  47          //}
  48          
  49          /*void Timer_delay(unsigned int ms)
  50          {
  51               count = ms; //设定计数器值
  52               flag = 1;
  53               while(flay);//等待时间结束，标志位则变0，跳出whil循环
  54          }
  55               
  56          */

C51 COMPILATION COMPLETE.  1 WARNING(S),  9 ERROR(S)
