C51 COMPILER V9.54   P68EG6_5                                                              04/12/2023 08:29:58 PAGE 1   


C51 COMPILER V9.54, COMPILATION OF MODULE P68EG6_5
OBJECT MODULE PLACED IN .\Objects\p68eg6-5.obj
COMPILER INVOKED BY: D:\keil5\C51\BIN\C51.EXE p68eg6-5.c OPTIMIZE(8,SPEED) BROWSE DEBUG OBJECTEXTEND PRINT(.\Listings\p6
                    -8eg6-5.lst) TABS(2) OBJECT(.\Objects\p68eg6-5.obj)

line level    source

   1          #include"reg51.h"
   2          unsigned char table[]={0x3f,0x06,0x5b,0x4f,0x66,0x6d,0x7d,0x07,0x7f,0x6f};
   3          unsigned char display_num=0;
   4          void SER_INT0() interrupt 0 using 0
   5          {
   6   1        display_num++;
   7   1        if(display_num>9)
   8   1        {
   9   2          display_num=0;
  10   2        }
  11   1      }
  12          void main()
  13          {
  14   1        EA=1;
  15   1        EX0=1;
  16   1        IT0=1;
  17   1        while(1)
  18   1        {
  19   2          P1=table[display_num];
  20   2        }
  21   1      }


MODULE INFORMATION:   STATIC OVERLAYABLE
   CODE SIZE        =     37    ----
   CONSTANT SIZE    =   ----    ----
   XDATA SIZE       =   ----    ----
   PDATA SIZE       =   ----    ----
   DATA SIZE        =     11    ----
   IDATA SIZE       =   ----    ----
   BIT SIZE         =   ----    ----
END OF MODULE INFORMATION.


C51 COMPILATION COMPLETE.  0 WARNING(S),  0 ERROR(S)
