C51 COMPILER V9.54   EG5_2                                                                 04/03/2023 20:25:23 PAGE 1   


C51 COMPILER V9.54, COMPILATION OF MODULE EG5_2
OBJECT MODULE PLACED IN .\Objects\eg5-2.obj
COMPILER INVOKED BY: D:\keil5\C51\BIN\C51.EXE eg5-2.c OPTIMIZE(8,SPEED) BROWSE DEBUG OBJECTEXTEND PRINT(.\Listings\eg5-2
                    -.lst) TABS(2) OBJECT(.\Objects\eg5-2.obj)

line level    source

   1          #include<reg51.h>
   2          void delay(unsigned int msecs)
   3          {
   4   1        while(msecs--)
   5   1        {
   6   2          unsigned char j;
   7   2          for(j=0;j<125;j++);
   8   2        }
   9   1      }
  10          unsigned char keyscan(void)
  11          {
  12   1        unsigned char keyvalue=0xff;
  13   1        P3=0xff;
  14   1         keyvalue=P3;
  15   1        if(keyvalue!=0xFF)
  16   1        {
  17   2          delay(15);
  18   2          keyvalue=P3;
  19   2          if(keyvalue!=0xFF)
  20   2            keyvalue=~keyvalue;
  21   2        }
  22   1        return keyvalue;
  23   1      }
  24          void main()
  25          {
  26   1        unsigned char keyval;
  27   1        while(1)
  28   1        {
  29   2          keyval=keyscan();
  30   2          switch(keyval)
  31   2          {
  32   3            case 1:{P1=0xAA;delay(1000);P1=0xFF;}break;
  33   3            case 2:{P1=0x55;delay(1000);P1=0xFF;}break;
  34   3            case 4:{P1=0xFC;delay(1000);P1=0xFF;}break;
  35   3            case 8:{P1=0xF3;delay(1000);P1=0xFF;}break;
  36   3            case 16:{P1=0xCF;delay(1000);P1=0xFF;}break;
  37   3            case 32:{P1=0x3F;delay(1000);P1=0xFF;}break;
  38   3            case 64:{P1=0xC3;delay(1000);P1=0xFF;}break;
  39   3            case 128:{P1=0x3C;delay(1000);P1=0xFF;}break;
  40   3            default:break;
  41   3          }
  42   2        }
  43   1      }


MODULE INFORMATION:   STATIC OVERLAYABLE
   CODE SIZE        =    147    ----
   CONSTANT SIZE    =   ----    ----
   XDATA SIZE       =   ----    ----
   PDATA SIZE       =   ----    ----
   DATA SIZE        =   ----       1
   IDATA SIZE       =   ----    ----
   BIT SIZE         =   ----    ----
END OF MODULE INFORMATION.

C51 COMPILER V9.54   EG5_2                                                                 04/03/2023 20:25:23 PAGE 2   


C51 COMPILATION COMPLETE.  0 WARNING(S),  0 ERROR(S)
