C51 COMPILER V9.54   P40EG5_12                                                             04/12/2023 09:25:25 PAGE 1   


C51 COMPILER V9.54, COMPILATION OF MODULE P40EG5_12
OBJECT MODULE PLACED IN .\Objects\p40eg5-12.obj
COMPILER INVOKED BY: D:\SoftwareInstall\MDK_51\C51\BIN\C51.EXE p40eg5-12.c OPTIMIZE(8,SPEED) BROWSE DEBUG OBJECTEXTEND P
                    -RINT(.\Listings\p40eg5-12.lst) TABS(2) OBJECT(.\Objects\p40eg5-12.obj)

line level    source

   1          #include<reg51.h>
   2          #define uchar unsigned char
   3          #define uint unsigned int
   4          uchar code table_0[]={0x00,0x7E,0x40,0x20,0x10,0x08,0x04,0x7E,};
   5          uchar code table_a[]={0x00,0x7E,0x10,0x10,0x10,0x12,0x1C,0x00,};
   6          void delay(int msecs)
   7          {
   8   1        while(msecs--)
   9   1        {
  10   2          uchar j;
  11   2          for(j=0;j<125;j++);
  12   2        }
  13   1      }
  14          void main(void)
  15          {
  16   1        uchar a,i,j;
  17   1        while(1)
  18   1        {
  19   2          for(j=0;j<40;j++)
  20   2          {
  21   3            a=0x01;
  22   3            for(i=0;i<8;i++)
  23   3            {
  24   4              P2=table_0[i];
  25   4              P3=~a;
  26   4              delay(1);
  27   4              P3=0xff;
  28   4              a<<=1;
  29   4            }
  30   3          }
  31   2          for(j=0;j<40;j++)
  32   2          {
  33   3            a=0x01;
  34   3            for(i=0;i<8;i++)
  35   3            {
  36   4            P2=table_a[i];
  37   4            P3=~a;
  38   4            delay(1);
  39   4            P3=0xff;
  40   4            a<<=1;
  41   4          }
  42   3        }
  43   2      }
  44   1      }


MODULE INFORMATION:   STATIC OVERLAYABLE
   CODE SIZE        =     96    ----
   CONSTANT SIZE    =     16    ----
   XDATA SIZE       =   ----    ----
   PDATA SIZE       =   ----    ----
   DATA SIZE        =   ----       1
   IDATA SIZE       =   ----    ----
   BIT SIZE         =   ----    ----
C51 COMPILER V9.54   P40EG5_12                                                             04/12/2023 09:25:25 PAGE 2   

END OF MODULE INFORMATION.


C51 COMPILATION COMPLETE.  0 WARNING(S),  0 ERROR(S)
