C51 COMPILER V9.60.7.0   XITI1                                                             05/08/2023 00:09:52 PAGE 1   


C51 COMPILER V9.60.7.0, COMPILATION OF MODULE XITI1
OBJECT MODULE PLACED IN .\Objects\xiti1.obj
COMPILER INVOKED BY: D:\rujian\keil5\C51\BIN\C51.EXE xiti1.c OPTIMIZE(8,SPEED) BROWSE DEBUG OBJECTEXTEND PRINT(.\Listing
                    -s\xiti1.lst) TABS(2) OBJECT(.\Objects\xiti1.obj)

line level    source

   1          #include<reg51.h>
   2          #include< intrins.h>
   3          void delay(unsigned int i)
   4          {
   5   1        unsigned char t;
   6   1        while(i--)
   7   1        {
   8   2          for(t=0;t<125;t++);
   9   2          }
  10   1      }
  11          void main()
  12          {
  13   1        P1=0xfe;
  14   1        while(1)
  15   1        {
  16   2          delay(500);
  17   2          P1=_crol_(P1,1);
  18   2        }
  19   1      }


MODULE INFORMATION:   STATIC OVERLAYABLE
   CODE SIZE        =     47    ----
   CONSTANT SIZE    =   ----    ----
   XDATA SIZE       =   ----    ----
   PDATA SIZE       =   ----    ----
   DATA SIZE        =   ----    ----
   IDATA SIZE       =   ----    ----
   BIT SIZE         =   ----    ----
END OF MODULE INFORMATION.


C51 COMPILATION COMPLETE.  0 WARNING(S),  0 ERROR(S)
