C51 COMPILER V9.54   P29EG5_10                                                             04/06/2023 19:50:24 PAGE 1   


C51 COMPILER V9.54, COMPILATION OF MODULE P29EG5_10
OBJECT MODULE PLACED IN .\Objects\p29eg5-10.obj
COMPILER INVOKED BY: D:\keil5\C51\BIN\C51.EXE p29eg5-10.c OPTIMIZE(8,SPEED) BROWSE DEBUG OBJECTEXTEND PRINT(.\Listings\p
                    -29eg5-10.lst) TABS(2) OBJECT(.\Objects\p29eg5-10.obj)

line level    source

   1          #include<reg51.h>
   2          void main()
   3          {
   4   1        P1=0x90;
   5   1        P3=0xb0;
   6   1        while(1);
   7   1      }


MODULE INFORMATION:   STATIC OVERLAYABLE
   CODE SIZE        =      8    ----
   CONSTANT SIZE    =   ----    ----
   XDATA SIZE       =   ----    ----
   PDATA SIZE       =   ----    ----
   DATA SIZE        =   ----    ----
   IDATA SIZE       =   ----    ----
   BIT SIZE         =   ----    ----
END OF MODULE INFORMATION.


C51 COMPILATION COMPLETE.  0 WARNING(S),  0 ERROR(S)
