C51 COMPILER V9.54   MAIN                                                                  04/14/2023 10:22:36 PAGE 1   


C51 COMPILER V9.54, COMPILATION OF MODULE MAIN
OBJECT MODULE PLACED IN .\Objects\main.obj
COMPILER INVOKED BY: D:\GongZuo rj\keil5\C51\BIN\C51.EXE main.c OPTIMIZE(8,SPEED) BROWSE DEBUG OBJECTEXTEND PRINT(.\List
                    -ings\main.lst) OBJECT(.\Objects\main.obj)

line level    source

   1          #include <REGX52.H>
   2          #include "Delay.h"              //包含Delay头文件
   3          #include "MatrixKey.h"  //包含矩阵键盘头文件
   4          
   5          int KeyNum;
   6          
   7          void main()
   8          {
   9   1              
  10   1              while(1)
  11   1              {
  12   2                      KeyNum=MatrixKey();                             //获取矩阵键盘键码
  13   2                      P3=KeyNum;
  14   2              }
  15   1      }


MODULE INFORMATION:   STATIC OVERLAYABLE
   CODE SIZE        =     13    ----
   CONSTANT SIZE    =   ----    ----
   XDATA SIZE       =   ----    ----
   PDATA SIZE       =   ----    ----
   DATA SIZE        =      2    ----
   IDATA SIZE       =   ----    ----
   BIT SIZE         =   ----    ----
END OF MODULE INFORMATION.


C51 COMPILATION COMPLETE.  0 WARNING(S),  0 ERROR(S)
