C51 COMPILER V9.54   P47EG5_13                                                             04/21/2023 19:36:47 PAGE 1   


C51 COMPILER V9.54, COMPILATION OF MODULE P47EG5_13
OBJECT MODULE PLACED IN .\Objects\p47eg5-13.obj
COMPILER INVOKED BY: D:\GongZuo rj\keil5\C51\BIN\C51.EXE p47eg5-13.c OPTIMIZE(8,SPEED) BROWSE DEBUG OBJECTEXTEND PRINT(.
                    -\Listings\p47eg5-13.lst) OBJECT(.\Objects\p47eg5-13.obj)

line level    source

   1          #include "reg51.h"
   2          #include "string.h"
   3          #include "intrins.h"
   4          #define uchar unsigned char
   5          #define uint unsigned int
   6          #define out P0
   7          char str[]={"2023-04-21"};//???????
   8          char str1[]={"00:00:00"};
   9          sbit RS=P2^0;
  10          sbit RW=P2^1;
  11          sbit E=P2^2;
  12          void lcd_initial(void);
  13          void check_busy(void);
  14          void write_com(uchar com);
  15          void write_data(uchar dat);
  16          void string(uchar ad,uchar*s);
  17          void delay(uint ms);
  18          void main(void)
  19          {
  20   1              lcd_initial();
  21   1              
  22   1              while(1)
  23   1              {
  24   2                      string(0x83,str);
  25   2                      string(0xC4,str1);
  26   2              }
  27   1      }
  28          void delay(uint ms)
  29          {
  30   1              uchar i=250;
  31   1              for(;ms>0;ms--)
  32   1              {
  33   2                      while(--i);
  34   2                      i=249;
  35   2                      while(--i);
  36   2                      i=250;
  37   2              }
  38   1      }
  39          void check_busy(void)
  40          {
  41   1              uchar dt;
  42   1              do
  43   1              {
  44   2                      dt=0xff;
  45   2                      E=0;RS=0;RW=1;E=1;
  46   2                      dt=out;
  47   2              }while(dt&0x80);
  48   1              E=0;
  49   1      }
  50          void write_com(uchar com)
  51          {
  52   1              check_busy();
  53   1              E=0;RS=0;RW=0;
  54   1              out=com;
C51 COMPILER V9.54   P47EG5_13                                                             04/21/2023 19:36:47 PAGE 2   

  55   1              E=1;
  56   1              _nop_();
  57   1              E=0;
  58   1              delay(1);
  59   1      }
  60          void write_data(uchar dat)
  61          {
  62   1        check_busy(); 
  63   1              E=0;RS=1;RW=0;
  64   1              out=dat;
  65   1              E=1;
  66   1              _nop_();
  67   1              E=0;
  68   1              delay(1);
  69   1      }
  70          void lcd_initial (void)
  71          {
  72   1              write_com(0x38);
  73   1              write_com(0x0c);
  74   1              write_com(0x06);
  75   1              write_com(0x01);
  76   1              delay(1);
  77   1      }
  78          void string (uchar ad,uchar*s)
  79          {
  80   1              write_com(ad);
  81   1              while(*s>0)
  82   1              {
  83   2                      write_data(*s++);
  84   2                      delay(100);
  85   2              }
  86   1      }


MODULE INFORMATION:   STATIC OVERLAYABLE
   CODE SIZE        =    198    ----
   CONSTANT SIZE    =   ----    ----
   XDATA SIZE       =   ----    ----
   PDATA SIZE       =   ----    ----
   DATA SIZE        =     20       3
   IDATA SIZE       =   ----    ----
   BIT SIZE         =   ----    ----
END OF MODULE INFORMATION.


C51 COMPILATION COMPLETE.  0 WARNING(S),  0 ERROR(S)
