C51 COMPILER V9.54   P88EG6_12                                                             04/11/2023 14:07:23 PAGE 1   


C51 COMPILER V9.54, COMPILATION OF MODULE P88EG6_12
OBJECT MODULE PLACED IN .\Objects\p88eg6-12.obj
COMPILER INVOKED BY: D:\keil5\C51\BIN\C51.EXE p88eg6-12.c OPTIMIZE(8,SPEED) BROWSE DEBUG OBJECTEXTEND PRINT(.\Listings\p
                    -88eg6-12.lst) TABS(2) OBJECT(.\Objects\p88eg6-12.obj)

line level    source

   1          #include<reg51.h>
   2          sbit P10=P1^0;
   3          unsigned int count=0;
   4          unsigned char state=0x01;
   5          void SER_T1(void)interrupt 3 using 1
   6          {
   7   1        count++;
   8   1        if(count==2500)
   9   1          P10=!P10;
  10   1        if(count==10000)
  11   1        {
  12   2          P10=!P10;
  13   2          count=0;
  14   2        }
  15   1      }
  16          void main(void)
  17          {
  18   1        P10=1;
  19   1        TMOD=0x20;
  20   1        TH1=TL1=256-200;
  21   1        EA=1; ET1=1;
  22   1        TR1=1;
  23   1        while(1);
  24   1      }


MODULE INFORMATION:   STATIC OVERLAYABLE
   CODE SIZE        =     64    ----
   CONSTANT SIZE    =   ----    ----
   XDATA SIZE       =   ----    ----
   PDATA SIZE       =   ----    ----
   DATA SIZE        =      3    ----
   IDATA SIZE       =   ----    ----
   BIT SIZE         =   ----    ----
END OF MODULE INFORMATION.


C51 COMPILATION COMPLETE.  0 WARNING(S),  0 ERROR(S)
