C51 COMPILER V9.54   MAIN                                                                  05/06/2023 08:53:21 PAGE 1   


C51 COMPILER V9.54, COMPILATION OF MODULE MAIN
OBJECT MODULE PLACED IN .\Objects\main.obj
COMPILER INVOKED BY: D:\GongZuo rj\keil5\C51\BIN\C51.EXE main.c OPTIMIZE(8,SPEED) BROWSE DEBUG OBJECTEXTEND PRINT(.\List
                    -ings\main.lst) OBJECT(.\Objects\main.obj)

line level    source

   1          #include <REGX52.H>
   2          #include "Delay.h"
   3          #include "LCD1602.h"
   4          #include "Timer0.h"
   5          
   6          unsigned char Sec=55,Min=54,Hour=8;
   7          
   8          void main()
   9          {
  10   1              LCD_Init();
  11   1              
  12   1              Timer0Init();
  13   1              EA=1;
  14   1              EX0=1;
  15   1              EX1=1;
  16   1              IT0=1;
  17   1              IT1=1;
  18   1              
  19   1              LCD_ShowString(1,2,"2023-05-06 Timer"); //上电显示静态字符串
  20   1              LCD_ShowString(2,5,"  :  :");
  21   1              
  22   1              while(1)
  23   1              {
  24   2                      LCD_ShowNum(2,5,Hour,2);        //显示时分秒
  25   2                      LCD_ShowNum(2,8,Min,2);
  26   2                      LCD_ShowNum(2,11,Sec,2);
  27   2              }
  28   1      }
  29          
  30          void Min_int0() interrupt 0
  31          {
  32   1              Min++;
  33   1              if(Min>=60)
  34   1              {
  35   2                      Min=0;  //24小时到，Hour清0
  36   2              }
  37   1      }
  38          
  39          void Hour_int1() interrupt 2
  40          {
  41   1              Hour++;
  42   1              if(Hour>=24)
  43   1                      {
  44   2                              Hour=0; //24小时到，Hour清0
  45   2                      }
  46   1              
  47   1      }       
  48          
  49          void Timer0_Routine() interrupt 1
  50          {
  51   1              static unsigned int T0Count;
  52   1              TL0 = 0x18;             //设置定时初值
  53   1              TH0 = 0xFC;             //设置定时初值
  54   1              T0Count++;
C51 COMPILER V9.54   MAIN                                                                  05/06/2023 08:53:21 PAGE 2   

  55   1              if(T0Count>=1000)       //定时器分频，1s
  56   1              {
  57   2                      T0Count=0;
  58   2                      Sec++;                  //1秒到，Sec自增
  59   2                      if(Sec>=60)
  60   2                      {
  61   3                              Sec=0;          //60秒到，Sec清0，Min自增
  62   3                              Min++;
  63   3                              if(Min>=60)
  64   3                              {
  65   4                                      Min=0;  //60分钟到，Min清0，Hour自增
  66   4                                      Hour++;
  67   4                                      if(Hour>=24)
  68   4                                      {
  69   5                                              Hour=0; //24小时到，Hour清0
  70   5                                      }
  71   4                              }
  72   3                      }
  73   2              }
  74   1      }


MODULE INFORMATION:   STATIC OVERLAYABLE
   CODE SIZE        =    202    ----
   CONSTANT SIZE    =     24    ----
   XDATA SIZE       =   ----    ----
   PDATA SIZE       =   ----    ----
   DATA SIZE        =      5    ----
   IDATA SIZE       =   ----    ----
   BIT SIZE         =   ----    ----
END OF MODULE INFORMATION.


C51 COMPILATION COMPLETE.  0 WARNING(S),  0 ERROR(S)
