C51 COMPILER V9.54   P14_EG5_5                                                             04/06/2023 20:41:46 PAGE 1   


C51 COMPILER V9.54, COMPILATION OF MODULE P14_EG5_5
OBJECT MODULE PLACED IN .\Objects\p14 eg5-5.obj
COMPILER INVOKED BY: D:\keil5\C51\BIN\C51.EXE p14 eg5-5.c OPTIMIZE(8,SPEED) BROWSE DEBUG OBJECTEXTEND PRINT(.\Listings\p
                    -14 eg5-5.lst) TABS(2) OBJECT(.\Objects\p14 eg5-5.obj)

line level    source

   1          #include<reg51.h>
   2          #define uchar unsigned char
   3          #define uint unsigned int
   4          uchar key_scan(void);
   5          void main(void)
   6          {
   7   1        uchar key=0,status=0xff;
   8   1        while(1)
   9   1        {
  10   2          key=key_scan();
  11   2          if(key>0)
  12   2          {  status=~key;}
  13   2          P3=status;
  14   2        }
  15   1      }
  16          void delay10ms(void)
  17          {
  18   1        uchar i;
  19   1        for(i=0;i<200;i++){;}
  20   1      }
  21          uchar key_scan(void)
  22          {
  23   1        uchar code_h;
  24   1        uchar code_l;
  25   1        uchar keyval;
  26   1        P1=0xf0;
  27   1        if((P1&0xf0)!=0xf0)
  28   1        {
  29   2          delay10ms();
  30   2          if((P1&0xf0)!=0xf0)
  31   2          {
  32   3            code_h=0xfe;
  33   3            while(code_h!=0xef)
  34   3            {
  35   4              P1=code_h;
  36   4              if((P1&0xf0)!=0xf0)
  37   4              {
  38   5                code_l=(P1&0xf0|0x0f);
  39   5                keyval=(~ code_h)+(~ code_l);
  40   5                while((P1&0xf0)!=0xf0);
  41   5                return(keyval);
  42   5              }
  43   4              else
  44   4              {code_h=(code_h<<1)|0x01;}
  45   4             }
  46   3            return(0);
  47   3           }
  48   2          else return(0);
  49   2         }
  50   1        else return(0);
  51   1        }


MODULE INFORMATION:   STATIC OVERLAYABLE
C51 COMPILER V9.54   P14_EG5_5                                                             04/06/2023 20:41:46 PAGE 2   

   CODE SIZE        =    109    ----
   CONSTANT SIZE    =   ----    ----
   XDATA SIZE       =   ----    ----
   PDATA SIZE       =   ----    ----
   DATA SIZE        =   ----       1
   IDATA SIZE       =   ----    ----
   BIT SIZE         =   ----    ----
END OF MODULE INFORMATION.


C51 COMPILATION COMPLETE.  0 WARNING(S),  0 ERROR(S)
