C51 COMPILER V9.54   MAIN                                                                  03/22/2023 23:23:13 PAGE 1   


C51 COMPILER V9.54, COMPILATION OF MODULE MAIN
OBJECT MODULE PLACED IN .\Objects\main.obj
COMPILER INVOKED BY: D:\GongZuo rj\keil5\C51\BIN\C51.EXE main.c OPTIMIZE(8,SPEED) BROWSE DEBUG OBJECTEXTEND PRINT(.\List
                    -ings\main.lst) OBJECT(.\Objects\main.obj)

line level    source

*** WARNING C500 IN LINE 1 OF main.c: MISSING DEVICE (R003(0): SECURITY KEY NOT FOUND)

   1          #include <STC89C5xRC.H>
   2          //方法一：直接引脚赋值
   3          #include "Delay.h"
*** WARNING C315 IN LINE 1 OF Delay.h: unknown #directive 'ifndef__DELAY_H__'
*** WARNING C315 IN LINE 2 OF Delay.h: unknown #directive 'define__DELAY_H__'
*** WARNING C312 IN LINE 6 OF Delay.h: misplaced endif control
   4          sbit LED0 = P0^0;
   5          sbit LED1 = P0^1;
   6          sbit LED2 = P0^2;
   7          sbit LED3 = P0^3;
   8          sbit LED4 = P0^4;
   9          sbit LED5 = P0^5;
  10          sbit LED6 = P0^6;
  11          sbit LED7 = P0^7;
  12          
  13          int main()
  14          {
  15   1              while(1)
  16   1              {
  17   2                      LED0 = 0;
  18   2                      Delay(500);
  19   2                      LED0 = 1;
  20   2                      LED1 = 0;
  21   2                      Delay(500);
  22   2                      LED1 = 1;
  23   2                      LED2 = 0;
  24   2                      Delay(500);
  25   2                      LED2 = 1;
  26   2                      LED3 = 0;
  27   2                      Delay(500);
  28   2                      LED3 = 1;
  29   2                      LED4 = 0;
  30   2                      Delay(500);
  31   2                      LED4 = 1;
  32   2                      LED5 = 0;
  33   2                      Delay(500);
  34   2                      LED5 = 1;
  35   2                      LED6 = 0;
  36   2                      Delay(500);
  37   2                      LED6 = 1;
  38   2                      LED7 = 0;
  39   2                      Delay(500);
  40   2                      LED7 = 1;
  41   2              }
  42   1      }


MODULE INFORMATION:   STATIC OVERLAYABLE
   CODE SIZE        =     90    ----
   CONSTANT SIZE    =   ----    ----
   XDATA SIZE       =   ----    ----
   PDATA SIZE       =   ----    ----
   DATA SIZE        =   ----    ----
C51 COMPILER V9.54   MAIN                                                                  03/22/2023 23:23:13 PAGE 2   

   IDATA SIZE       =   ----    ----
   BIT SIZE         =   ----    ----
END OF MODULE INFORMATION.


C51 COMPILATION COMPLETE.  4 WARNING(S),  0 ERROR(S)
