C51 COMPILER V9.54   P94EG5_16                                                             04/12/2023 08:49:11 PAGE 1   


C51 COMPILER V9.54, COMPILATION OF MODULE P94EG5_16
OBJECT MODULE PLACED IN .\Objects\p94eg5-16.obj
COMPILER INVOKED BY: D:\keil5\C51\BIN\C51.EXE p94eg5-16.c OPTIMIZE(8,SPEED) BROWSE DEBUG OBJECTEXTEND PRINT(.\Listings\p
                    -94eg5-16.lst) TABS(2) OBJECT(.\Objects\p94eg5-16.obj)

line level    source

   1          #include <reg51.h>
   2          #define uchar unsigned char
   3          #define BEGIN_HOUR 8
   4          #define BRGIN_MINUTE 15
   5          #define BEGIN_SECOND 30
   6          unsigned int count=0;
   7          uchar table[]={0x3f,0x06,0x5b,0x4f,0x66,0x6d,0x7d,0x07,0x7f,0x6f};
   8          uchar dis_table[6]={0,0,0,0,0,0,};
   9          unsigned char hour=0,minute=0,second=0;
  10          void delay(int msecs)
  11          {
  12   1        uchar j;
  13   1        while(msecs--)
  14   1        {
  15   2          for(j=0;j<125;j++);
  16   2        }
  17   1      }
  18          void LED_Display(uchar*dis_table)
  19          {
  20   1        uchar a=0x01,i;
  21   1        for(i=0;i<6;i++)
  22   1        {
  23   2          P0=table[dis_table[i]];
  24   2          if(i==2 | i==4)
  25   2          {
  26   3            P0=P0 | 0x80;
  27   3          }
  28   2          P1=~a;
  29   2          delay(1);
  30   2          P1=0xff;
  31   2          a<<=1;
  32   2        }
  33   1      }
  34          void INT_T1(void) interrupt 3 using 1
  35          {
  36   1        TH1=15536/256;
  37   1        TL1=15536%256;
  38   1        count++;
  39   1        if(count==20)
  40   1        {
  41   2          count=0;second++;
  42   2          if(second==60)
  43   2          {
  44   3            second=0;
  45   3            minute++;
  46   3            if(minute==60)
  47   3            {
  48   4              minute=0;
  49   4              hour++;
  50   4              if(hour==24)
  51   4              {
  52   5                hour=0;
  53   5              }
  54   4            }
C51 COMPILER V9.54   P94EG5_16                                                             04/12/2023 08:49:11 PAGE 2   

  55   3          }
  56   2        }
  57   1      }
  58          void initialize_time(void)
  59          {
  60   1        hour=BEGIN_HOUR;
  61   1        minute=BRGIN_MINUTE;
  62   1        second=BEGIN_SECOND;
  63   1      }
  64          void main(void)
  65          {
  66   1        TMOD=0x10;
  67   1        TH1=15536/256;
  68   1        TL1=15536%256;
  69   1        EA=1;
  70   1        ET1=1;
  71   1        TR1=1;
  72   1        initialize_time();
  73   1        while(1)
  74   1        {
  75   2          dis_table[5]=hour/10;
  76   2          dis_table[4]=hour%10;
  77   2          dis_table[3]=minute/10;
  78   2          dis_table[2]=minute%10;
  79   2          dis_table[1]=second/10;
  80   2          dis_table[0]=second%10;
  81   2          LED_Display(dis_table);
  82   2        }
  83   1      }


MODULE INFORMATION:   STATIC OVERLAYABLE
   CODE SIZE        =    257    ----
   CONSTANT SIZE    =   ----    ----
   XDATA SIZE       =   ----    ----
   PDATA SIZE       =   ----    ----
   DATA SIZE        =     21       4
   IDATA SIZE       =   ----    ----
   BIT SIZE         =   ----    ----
END OF MODULE INFORMATION.


C51 COMPILATION COMPLETE.  0 WARNING(S),  0 ERROR(S)
